[2025-04-04 18:42:18,587] INFO django.utils.autoreload Watching for file changes with StatReloader
[2025-04-04 18:57:56,457] INFO django.utils.autoreload C:\Users\areb\Documents\GitHub\nutritionniste\src\web\views.py changed, reloading.
[2025-04-04 18:57:58,503] INFO django.utils.autoreload Watching for file changes with StatReloader
[2025-04-04 18:58:05,522] INFO django.utils.autoreload C:\Users\areb\Documents\GitHub\nutritionniste\src\web\views.py changed, reloading.
[2025-04-04 18:58:07,735] INFO django.utils.autoreload Watching for file changes with StatReloader
[2025-04-04 18:58:12,946] INFO django.utils.autoreload C:\Users\areb\Documents\GitHub\nutritionniste\src\web\views.py changed, reloading.
[2025-04-04 18:58:14,986] INFO django.utils.autoreload Watching for file changes with StatReloader
[2025-04-04 18:58:22,269] INFO django.utils.autoreload C:\Users\areb\Documents\GitHub\nutritionniste\src\web\views.py changed, reloading.
[2025-04-04 18:58:24,036] INFO django.utils.autoreload Watching for file changes with StatReloader
[2025-04-04 18:58:25,973] INFO django.utils.autoreload C:\Users\areb\Documents\GitHub\nutritionniste\src\web\views.py changed, reloading.
[2025-04-04 18:58:27,953] INFO django.utils.autoreload Watching for file changes with StatReloader
[2025-04-04 18:58:30,047] INFO django.utils.autoreload C:\Users\areb\Documents\GitHub\nutritionniste\src\web\views.py changed, reloading.
[2025-04-04 18:58:32,540] INFO django.utils.autoreload Watching for file changes with StatReloader
[2025-04-04 18:58:36,281] INFO django.utils.autoreload C:\Users\areb\Documents\GitHub\nutritionniste\src\web\views.py changed, reloading.
[2025-04-04 18:58:38,191] INFO django.utils.autoreload Watching for file changes with StatReloader
[2025-04-04 19:00:11,950] INFO django.utils.autoreload C:\Users\areb\Documents\GitHub\nutritionniste\src\web\views.py changed, reloading.
[2025-04-04 19:00:13,839] INFO django.utils.autoreload Watching for file changes with StatReloader
[2025-04-04 19:00:47,702] INFO app L'utilisateur AnonymousUser s'est connecté.
[2025-04-04 19:00:47,703] INFO django.server "POST /api/v1/token/ HTTP/1.1" 200 483
[2025-04-04 19:07:44,465] INFO django.utils.autoreload C:\Users\areb\Documents\GitHub\nutritionniste\src\web\views.py changed, reloading.
[2025-04-04 19:07:46,187] INFO django.utils.autoreload Watching for file changes with StatReloader
[2025-04-04 19:08:14,118] INFO django.utils.autoreload C:\Users\areb\Documents\GitHub\nutritionniste\src\web\views.py changed, reloading.
[2025-04-04 19:08:15,888] INFO django.utils.autoreload Watching for file changes with StatReloader
[2025-04-04 19:09:30,956] INFO django.utils.autoreload C:\Users\areb\Documents\GitHub\nutritionniste\src\web\views.py changed, reloading.
[2025-04-04 19:09:32,986] INFO django.utils.autoreload Watching for file changes with StatReloader
[2025-04-04 19:09:42,686] INFO django.utils.autoreload C:\Users\areb\Documents\GitHub\nutritionniste\src\web\views.py changed, reloading.
[2025-04-04 19:09:44,704] INFO django.utils.autoreload Watching for file changes with StatReloader
[2025-04-04 19:09:59,980] INFO django.server "GET /admin/web/notification/ HTTP/1.1" 200 20268
[2025-04-04 19:10:00,040] INFO django.server "GET /static/vendor/fontawesome-free/css/all.min.css HTTP/1.1" 304 0
[2025-04-04 19:10:00,083] INFO django.server "GET /static/vendor/adminlte/css/adminlte.min.css HTTP/1.1" 304 0
[2025-04-04 19:10:00,084] INFO django.server "GET /static/jazzmin/css/main.css HTTP/1.1" 304 0
[2025-04-04 19:10:00,115] INFO django.server "GET /static/vendor/adminlte/img/AdminLTELogo.png HTTP/1.1" 304 0
[2025-04-04 19:10:00,118] INFO django.server "GET /static/admin/js/vendor/jquery/jquery.js HTTP/1.1" 304 0
[2025-04-04 19:10:00,135] INFO django.server "GET /admin/jsi18n/ HTTP/1.1" 200 3342
[2025-04-04 19:10:00,140] INFO django.server "GET /static/vendor/bootstrap/js/bootstrap.min.js HTTP/1.1" 304 0
[2025-04-04 19:10:00,141] INFO django.server "GET /static/vendor/adminlte/js/adminlte.min.js HTTP/1.1" 304 0
[2025-04-04 19:10:00,161] INFO django.server "GET /static/jazzmin/js/main.js HTTP/1.1" 304 0
[2025-04-04 19:10:00,349] INFO django.server "GET /static/vendor/fontawesome-free/webfonts/fa-regular-400.woff2 HTTP/1.1" 304 0
[2025-04-04 19:10:00,350] INFO django.server "GET /static/vendor/fontawesome-free/webfonts/fa-solid-900.woff2 HTTP/1.1" 304 0
[2025-04-04 19:10:02,680] INFO django.server "GET /admin/web/notification/1/change/ HTTP/1.1" 200 20720
[2025-04-04 19:10:02,740] INFO django.server "GET /admin/jsi18n/ HTTP/1.1" 200 3342
[2025-04-04 19:10:08,484] INFO django.server "POST /admin/web/notification/1/change/ HTTP/1.1" 302 0
[2025-04-04 19:10:08,558] INFO django.server "GET /admin/web/notification/ HTTP/1.1" 200 20865
[2025-04-04 19:10:08,698] INFO django.server "GET /admin/jsi18n/ HTTP/1.1" 200 3342
[2025-04-04 19:10:17,425] INFO django.server "GET /admin/web/notification/1/change/ HTTP/1.1" 200 20712
[2025-04-04 19:10:17,481] INFO django.server "GET /admin/jsi18n/ HTTP/1.1" 200 3342
[2025-04-04 19:10:22,653] INFO django.server "POST /admin/web/notification/1/change/ HTTP/1.1" 302 0
[2025-04-04 19:10:22,716] INFO django.server "GET /admin/web/notification/ HTTP/1.1" 200 20865
[2025-04-04 19:10:22,767] INFO django.server "GET /admin/jsi18n/ HTTP/1.1" 200 3342
[2025-04-04 19:10:38,504] INFO django.server "GET /admin/web/notification/1/change/ HTTP/1.1" 200 20720
[2025-04-04 19:10:38,582] INFO django.server "GET /admin/jsi18n/ HTTP/1.1" 200 3342
[2025-04-04 19:10:41,312] INFO django.server "POST /admin/web/notification/1/change/ HTTP/1.1" 302 0
[2025-04-04 19:10:41,364] INFO django.server "GET /admin/web/notification/ HTTP/1.1" 200 20865
[2025-04-04 19:10:41,431] INFO django.server "GET /admin/jsi18n/ HTTP/1.1" 200 3342
[2025-04-04 19:11:07,036] WARNING django.request Forbidden: /api/v1/notifications/lue/1/
[2025-04-04 19:11:07,038] WARNING django.server "GET /api/v1/notifications/lue/1/ HTTP/1.1" 403 172
[2025-04-04 19:11:47,881] WARNING django.request Method Not Allowed: /api/v1/notifications/lue/1/
[2025-04-04 19:11:47,883] WARNING django.server "GET /api/v1/notifications/lue/1/ HTTP/1.1" 405 40
[2025-04-04 19:11:55,791] INFO app Notification marquée comme lue paradmin1
[2025-04-04 19:11:55,792] INFO django.server "POST /api/v1/notifications/lue/1/ HTTP/1.1" 200 46
[2025-04-04 19:12:19,969] INFO django.utils.autoreload C:\Users\areb\Documents\GitHub\nutritionniste\src\web\views.py changed, reloading.
[2025-04-04 19:12:21,608] INFO django.utils.autoreload Watching for file changes with StatReloader
[2025-04-04 19:28:12,154] INFO django.utils.autoreload C:\Users\areb\Documents\GitHub\nutritionniste\src\core\settings.py changed, reloading.
[2025-04-04 19:28:14,265] INFO django.utils.autoreload Watching for file changes with StatReloader
[2025-04-04 19:28:16,734] INFO django.utils.autoreload C:\Users\areb\Documents\GitHub\nutritionniste\src\core\settings.py changed, reloading.
[2025-04-04 19:28:18,401] INFO django.utils.autoreload Watching for file changes with StatReloader
[2025-04-04 19:32:31,783] INFO django.utils.autoreload C:\Users\areb\Documents\GitHub\nutritionniste\src\core\urls.py changed, reloading.
[2025-04-04 19:32:33,658] INFO django.utils.autoreload Watching for file changes with StatReloader
[2025-04-04 19:35:39,570] INFO django.utils.autoreload C:\Users\areb\Documents\GitHub\nutritionniste\src\core\urls.py changed, reloading.
[2025-04-04 19:35:41,220] INFO django.utils.autoreload Watching for file changes with StatReloader
[2025-04-04 19:36:05,228] INFO django.utils.autoreload C:\Users\areb\Documents\GitHub\nutritionniste\src\core\urls.py changed, reloading.
[2025-04-04 19:36:07,113] INFO django.utils.autoreload Watching for file changes with StatReloader
[2025-04-04 19:37:58,954] INFO django.utils.autoreload C:\Users\areb\Documents\GitHub\nutritionniste\src\core\urls.py changed, reloading.
[2025-04-04 19:38:00,626] INFO django.utils.autoreload Watching for file changes with StatReloader
[2025-04-04 19:38:15,390] INFO django.server "GET /docs/ HTTP/1.1" 200 2447
[2025-04-04 19:38:15,981] INFO django.server "GET /static/drf-yasg/style.css HTTP/1.1" 200 1047
[2025-04-04 19:38:16,100] INFO django.server "GET /static/drf-yasg/swagger-ui-init.js HTTP/1.1" 200 15480
[2025-04-04 19:38:16,163] INFO django.server "GET /static/drf-yasg/insQ.min.js HTTP/1.1" 200 2093
[2025-04-04 19:38:16,181] INFO django.server "GET /static/drf-yasg/swagger-ui-dist/swagger-ui.css HTTP/1.1" 200 145206
[2025-04-04 19:38:16,187] INFO django.server "GET /static/drf-yasg/immutable.min.js HTTP/1.1" 200 56904
[2025-04-04 19:38:16,216] INFO django.server "GET /static/drf-yasg/swagger-ui-dist/swagger-ui-bundle.js HTTP/1.1" 200 1046583
[2025-04-04 19:38:16,481] INFO django.server "GET /static/drf-yasg/swagger-ui-dist/swagger-ui-standalone-preset.js HTTP/1.1" 200 322863
[2025-04-04 19:38:16,687] INFO django.server "GET /static/drf-yasg/swagger-ui-init.js HTTP/1.1" 200 15480
[2025-04-04 19:38:16,705] INFO django.server "GET /static/drf-yasg/insQ.min.js HTTP/1.1" 200 2093
[2025-04-04 19:38:17,052] INFO django.server "GET /docs/?format=openapi HTTP/1.1" 200 17296
[2025-04-04 19:38:17,057] INFO django.server "GET /static/drf-yasg/swagger-ui-dist/favicon-32x32.png HTTP/1.1" 200 628
[2025-04-04 19:38:17,288] INFO django.server "GET /static/drf-yasg/immutable.min.js HTTP/1.1" 200 56904
[2025-04-04 19:38:17,314] INFO django.server "GET /static/drf-yasg/swagger-ui-dist/swagger-ui-bundle.js HTTP/1.1" 200 1046583
[2025-04-04 19:38:17,345] INFO django.server "GET /static/drf-yasg/swagger-ui-dist/swagger-ui-standalone-preset.js HTTP/1.1" 200 322863
[2025-04-04 19:40:14,895] INFO django.server "GET /api/v1/conseils/ HTTP/1.1" 200 2
[2025-04-04 19:44:57,120] INFO django.utils.autoreload C:\Users\areb\Documents\GitHub\nutritionniste\src\core\urls.py changed, reloading.
[2025-04-04 19:44:58,863] INFO django.utils.autoreload Watching for file changes with StatReloader
[2025-04-04 19:45:15,800] INFO django.server "GET /redoc/ HTTP/1.1" 200 935
[2025-04-04 19:45:15,847] INFO django.server "GET /static/drf-yasg/style.css HTTP/1.1" 304 0
[2025-04-04 19:45:15,902] INFO django.server "GET /static/drf-yasg/insQ.min.js HTTP/1.1" 304 0
[2025-04-04 19:45:16,121] INFO django.server "GET /static/drf-yasg/redoc-init.js HTTP/1.1" 200 2566
[2025-04-04 19:45:16,223] INFO django.server "GET /static/drf-yasg/redoc/redoc.min.js HTTP/1.1" 200 1042511
[2025-04-04 19:45:16,667] INFO django.server "GET /static/drf-yasg/redoc/redoc-logo.png HTTP/1.1" 200 4969
[2025-04-04 19:45:16,751] INFO django.server "GET /redoc/?format=openapi HTTP/1.1" 200 17296
[2025-04-04 19:47:22,941] INFO django.server "GET /docs/ HTTP/1.1" 200 2447
[2025-04-04 19:47:23,021] INFO django.server "GET /static/drf-yasg/swagger-ui-dist/swagger-ui.css HTTP/1.1" 304 0
[2025-04-04 19:47:23,027] INFO django.server "GET /static/drf-yasg/immutable.min.js HTTP/1.1" 304 0
[2025-04-04 19:47:23,027] INFO django.server "GET /static/drf-yasg/swagger-ui-dist/swagger-ui-standalone-preset.js HTTP/1.1" 304 0
[2025-04-04 19:47:23,028] INFO django.server "GET /static/drf-yasg/swagger-ui-dist/swagger-ui-bundle.js HTTP/1.1" 304 0
[2025-04-04 19:47:23,095] INFO django.server "GET /static/drf-yasg/swagger-ui-init.js HTTP/1.1" 304 0
[2025-04-04 19:47:23,950] INFO django.server "GET /docs/?format=openapi HTTP/1.1" 200 17296
[2025-04-04 19:48:36,752] INFO django.server "GET /admin/web/notification/ HTTP/1.1" 200 20268
[2025-04-04 19:48:36,843] INFO django.server "GET /static/vendor/select2/css/select2.min.css HTTP/1.1" 304 0
[2025-04-04 19:48:36,845] INFO django.server "GET /static/admin/js/admin/RelatedObjectLookups.js HTTP/1.1" 304 0
[2025-04-04 19:48:36,846] INFO django.server "GET /static/admin/js/jquery.init.js HTTP/1.1" 304 0
[2025-04-04 19:48:36,846] INFO django.server "GET /static/admin/js/core.js HTTP/1.1" 304 0
[2025-04-04 19:48:36,854] INFO django.server "GET /static/admin/js/urlify.js HTTP/1.1" 304 0
[2025-04-04 19:48:36,861] INFO django.server "GET /admin/jsi18n/ HTTP/1.1" 200 3342
[2025-04-04 19:48:36,864] INFO django.server "GET /static/admin/js/vendor/xregexp/xregexp.js HTTP/1.1" 304 0
[2025-04-04 19:48:36,863] INFO django.server "GET /static/admin/js/prepopulate.js HTTP/1.1" 304 0
[2025-04-04 19:48:36,906] INFO django.server "GET /static/admin/js/actions.js HTTP/1.1" 304 0
[2025-04-04 19:48:36,943] INFO django.server "GET /static/vendor/select2/js/select2.min.js HTTP/1.1" 304 0
[2025-04-04 19:48:36,950] INFO django.server "GET /static/jazzmin/js/change_list.js HTTP/1.1" 304 0
[2025-04-08 11:41:37,217] INFO django.utils.autoreload Watching for file changes with StatReloader
[2025-04-11 18:30:58,692] INFO django.utils.autoreload Watching for file changes with StatReloader
[2025-04-11 18:37:15,437] INFO django.utils.autoreload Watching for file changes with StatReloader
[2025-04-11 18:42:08,807] INFO django.utils.autoreload Watching for file changes with StatReloader
[2025-04-11 18:50:08,379] INFO django.utils.autoreload Watching for file changes with StatReloader
[2025-04-11 18:50:14,756] WARNING django.request Not Found: /
[2025-04-11 18:50:14,756] WARNING django.server "GET / HTTP/1.1" 404 2419
[2025-04-11 18:50:15,181] WARNING django.request Not Found: /favicon.ico
[2025-04-11 18:50:15,182] WARNING django.server "GET /favicon.ico HTTP/1.1" 404 2470
[2025-04-11 18:50:40,644] WARNING django.request Not Found: /api/
[2025-04-11 18:50:40,645] WARNING django.server "GET /api/ HTTP/1.1" 404 3717
[2025-04-11 18:50:47,093] INFO django.server "GET /docs/ HTTP/1.1" 200 2447
[2025-04-11 18:50:47,774] INFO django.server "GET /static/drf-yasg/swagger-ui-dist/swagger-ui.css HTTP/1.1" 200 145206
[2025-04-11 18:50:47,825] INFO django.server "GET /static/drf-yasg/style.css HTTP/1.1" 200 1047
[2025-04-11 18:50:47,838] INFO django.server "GET /static/drf-yasg/swagger-ui-init.js HTTP/1.1" 200 15480
[2025-04-11 18:50:47,879] INFO django.server "GET /static/drf-yasg/insQ.min.js HTTP/1.1" 200 2093
[2025-04-11 18:50:47,995] INFO django.server "GET /static/drf-yasg/swagger-ui-dist/swagger-ui-bundle.js HTTP/1.1" 200 1046583
[2025-04-11 18:50:48,023] INFO django.server "GET /static/drf-yasg/immutable.min.js HTTP/1.1" 200 56904
[2025-04-11 18:50:48,185] INFO django.server "GET /static/drf-yasg/swagger-ui-dist/swagger-ui-standalone-preset.js HTTP/1.1" 200 322863
[2025-04-11 18:50:48,652] INFO django.server "GET /static/drf-yasg/swagger-ui-dist/favicon-32x32.png HTTP/1.1" 200 628
[2025-04-11 18:50:48,667] INFO django.server "GET /docs/?format=openapi HTTP/1.1" 200 17296
[2025-04-13 02:11:14,563] WARNING django.request Not Found: /
[2025-04-13 02:11:14,572] WARNING django.server "GET / HTTP/1.1" 404 2419
[2025-04-13 02:11:35,223] WARNING django.request Not Found: /
[2025-04-13 02:11:35,284] WARNING django.server "GET / HTTP/1.1" 404 2419
[2025-04-13 02:11:38,329] WARNING django.request Not Found: /
[2025-04-13 02:11:38,330] WARNING django.server "GET / HTTP/1.1" 404 2419
[2025-04-13 02:11:46,930] WARNING django.request Not Found: /contact
[2025-04-13 02:11:46,931] WARNING django.server "GET /contact HTTP/1.1" 404 2458
[2025-04-13 02:12:44,252] WARNING django.request Not Found: /
[2025-04-13 02:12:44,255] WARNING django.server "GET / HTTP/1.1" 404 2419
[2025-04-13 02:20:03,252] INFO django.server "GET /docs/ HTTP/1.1" 200 2447
[2025-04-13 02:20:03,321] INFO django.server "GET /static/drf-yasg/style.css HTTP/1.1" 304 0
[2025-04-13 02:20:03,344] INFO django.server "GET /static/drf-yasg/swagger-ui-dist/swagger-ui.css HTTP/1.1" 304 0
[2025-04-13 02:20:03,344] INFO django.server "GET /static/drf-yasg/swagger-ui-dist/swagger-ui-bundle.js HTTP/1.1" 304 0
[2025-04-13 02:20:03,358] INFO django.server "GET /static/drf-yasg/swagger-ui-init.js HTTP/1.1" 304 0
[2025-04-13 02:20:03,358] INFO django.server "GET /static/drf-yasg/swagger-ui-dist/swagger-ui-standalone-preset.js HTTP/1.1" 304 0
[2025-04-13 02:20:03,371] INFO django.server "GET /static/drf-yasg/insQ.min.js HTTP/1.1" 304 0
[2025-04-13 02:20:03,395] INFO django.server "GET /static/drf-yasg/immutable.min.js HTTP/1.1" 304 0
[2025-04-13 02:20:04,049] INFO django.server "GET /docs/?format=openapi HTTP/1.1" 200 17296
[2025-04-17 09:27:38,378] WARNING django.request Not Found: /
[2025-04-17 09:27:38,381] WARNING django.server "GET / HTTP/1.1" 404 2419
[2025-04-17 09:27:38,687] WARNING django.request Not Found: /favicon.ico
[2025-04-17 09:27:38,689] WARNING django.server "GET /favicon.ico HTTP/1.1" 404 2470
